[debug] [2023-10-05T09:02:53.064Z] ----------------------------------------------------------------------
[debug] [2023-10-05T09:02:53.067Z] Command:       C:\Program Files\nodejs\node.exe C:\Users\i\AppData\Roaming\npm\node_modules\firebase-tools\lib\bin\firebase.js init
[debug] [2023-10-05T09:02:53.068Z] CLI Version:   12.6.2
[debug] [2023-10-05T09:02:53.068Z] Platform:      win32
[debug] [2023-10-05T09:02:53.069Z] Node Version:  v18.18.0
[debug] [2023-10-05T09:02:53.070Z] Time:          Thu Oct 05 2023 11:02:53 GMT+0200 (Central European Summer Time)
[debug] [2023-10-05T09:02:53.071Z] ----------------------------------------------------------------------
[debug] 
[debug] [2023-10-05T09:02:53.089Z] > command requires scopes: ["email","openid","https://www.googleapis.com/auth/cloudplatformprojects.readonly","https://www.googleapis.com/auth/firebase","https://www.googleapis.com/auth/cloud-platform"]
[debug] [2023-10-05T09:02:53.089Z] > authorizing via signed-in user (angelaishagrt@gmail.com)
[info] 
     ######## #### ########  ######## ########     ###     ######  ########
     ##        ##  ##     ## ##       ##     ##  ##   ##  ##       ##
     ######    ##  ########  ######   ########  #########  ######  ######
     ##        ##  ##    ##  ##       ##     ## ##     ##       ## ##
     ##       #### ##     ## ######## ########  ##     ##  ######  ########

You're about to initialize a Firebase project in this directory:

  C:\Users\i\Desktop\love

[info] 
=== Project Setup
[info] 
[info] First, let's associate this project directory with a Firebase project.
[info] You can create multiple project aliases by running firebase use --add, 
[info] but for now we'll just set up a default project.
[info] 
[debug] [2023-10-05T09:05:46.161Z] >>> [apiv2][query] GET https://firebase.googleapis.com/v1beta1/projects pageSize=100
[debug] [2023-10-05T09:05:46.740Z] <<< [apiv2][status] GET https://firebase.googleapis.com/v1beta1/projects 200
[debug] [2023-10-05T09:05:46.740Z] <<< [apiv2][body] GET https://firebase.googleapis.com/v1beta1/projects [omitted]
[info] i  Using project love-c3b4e (love) 
[info] 
=== Hosting Setup
[info] 
[info] Your public directory is the folder (relative to your project directory) that
[info] will contain Hosting assets to be uploaded with firebase deploy. If you
[info] have a build process for your assets, use your build's output directory.
[info] 
[debug] [2023-10-05T09:06:50.991Z] >>> [apiv2][query] GET https://www.gstatic.com/firebasejs/releases.json [none]
[debug] [2023-10-05T09:06:51.120Z] <<< [apiv2][status] GET https://www.gstatic.com/firebasejs/releases.json 200
[debug] [2023-10-05T09:06:51.121Z] <<< [apiv2][body] GET https://www.gstatic.com/firebasejs/releases.json {"current":{"version":"10.4.0","browserURL":"https://www.gstatic.com/firebasejs/10.4.0/firebase.js","packageURL":"https://www.gstatic.com/firebasejs/10.4.0/firebase.tgz"},"live":{"version":"10.4","browserURL":"https://www.gstatic.com/firebasejs/live/10.4/firebase.js","packageURL":"https://www.gstatic.com/firebasejs/live/10.4/firebase.tgz"},"components":{"analytics":"https://www.gstatic.com/firebasejs/10.4.0/firebase-analytics.js","app":"https://www.gstatic.com/firebasejs/10.4.0/firebase-app.js","app-check":"https://www.gstatic.com/firebasejs/10.4.0/firebase-app-check.js","auth":"https://www.gstatic.com/firebasejs/10.4.0/firebase-auth.js","auth/cordova":"https://www.gstatic.com/firebasejs/10.4.0/firebase-auth/cordova.js","functions":"https://www.gstatic.com/firebasejs/10.4.0/firebase-functions.js","firestore":"https://www.gstatic.com/firebasejs/10.4.0/firebase-firestore.js","firestore/lite":"https://www.gstatic.com/firebasejs/10.4.0/firebase-firestore/lite.js","installations":"https://www.gstatic.com/firebasejs/10.4.0/firebase-installations.js","storage":"https://www.gstatic.com/firebasejs/10.4.0/firebase-storage.js","performance":"https://www.gstatic.com/firebasejs/10.4.0/firebase-performance.js","remote-config":"https://www.gstatic.com/firebasejs/10.4.0/firebase-remote-config.js","messaging":"https://www.gstatic.com/firebasejs/10.4.0/firebase-messaging.js","messaging/sw":"https://www.gstatic.com/firebasejs/10.4.0/firebase-messaging/sw.js","database":"https://www.gstatic.com/firebasejs/10.4.0/firebase-database.js","firestore.memory":"https://www.gstatic.com/firebasejs/10.4.0/firebase-firestore.memory.js"}}
[info] +  Wrote public/index.html 
[info] 
[info] i  Didn't detect a .git folder. Assuming C:\Users\i\Desktop\love is the project root. 
[info] i  Authorizing with GitHub to upload your service account to a GitHub repository's secrets store. 
[info] 
[info] Visit this URL on this device to log in:
[info] https://github.com/login/oauth/authorize?client_id=89cf50f02ac6aaed3484&state=73815838&redirect_uri=http%3A%2F%2Flocalhost%3A9005&scope=read%3Auser%20repo%20public_repo
[info] 
[info] Waiting for authentication...
[debug] [2023-10-05T09:12:32.079Z] >>> [apiv2][query] POST https://github.com/login/oauth/access_token [none]
[debug] [2023-10-05T09:12:32.080Z] >>> [apiv2][body] POST https://github.com/login/oauth/access_token [stream]
[debug] [2023-10-05T09:12:32.416Z] <<< [apiv2][status] POST https://github.com/login/oauth/access_token 200
[debug] [2023-10-05T09:12:32.417Z] <<< [apiv2][body] POST https://github.com/login/oauth/access_token {"access_token":"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","token_type":"bearer","scope":"read:user,repo"}
[debug] [2023-10-05T09:12:32.457Z] >>> [apiv2][query] GET https://api.github.com/user [none]
[debug] [2023-10-05T09:12:32.846Z] <<< [apiv2][status] GET https://api.github.com/user 200
[debug] [2023-10-05T09:12:32.846Z] <<< [apiv2][body] GET https://api.github.com/user {"login":"tousia","id":147044373,"node_id":"U_kgDOCMO4FQ","avatar_url":"https://avatars.githubusercontent.com/u/147044373?v=4","gravatar_id":"","url":"https://api.github.com/users/tousia","html_url":"https://github.com/tousia","followers_url":"https://api.github.com/users/tousia/followers","following_url":"https://api.github.com/users/tousia/following{/other_user}","gists_url":"https://api.github.com/users/tousia/gists{/gist_id}","starred_url":"https://api.github.com/users/tousia/starred{/owner}{/repo}","subscriptions_url":"https://api.github.com/users/tousia/subscriptions","organizations_url":"https://api.github.com/users/tousia/orgs","repos_url":"https://api.github.com/users/tousia/repos","events_url":"https://api.github.com/users/tousia/events{/privacy}","received_events_url":"https://api.github.com/users/tousia/received_events","type":"User","site_admin":false,"name":null,"company":null,"blog":"","location":null,"email":null,"hireable":null,"bio":null,"twitter_username":null,"public_repos":0,"public_gists":0,"followers":0,"following":0,"created_at":"2023-10-05T09:10:31Z","updated_at":"2023-10-05T09:10:31Z","private_gists":0,"total_private_repos":0,"owned_private_repos":0,"disk_usage":0,"collaborators":0,"two_factor_authentication":false,"plan":{"name":"free","space":976562499,"collaborators":0,"private_repos":10000}}
[info] 
[info] +  Success! Logged into GitHub as tousia 
[info] 
[debug] [2023-10-05T09:12:32.897Z] >>> [apiv2][query] GET https://api.github.com/repos/nnnnn/actions/secrets/public-key type=owner
[debug] [2023-10-05T09:12:32.901Z] >>> [apiv2][query] GET https://api.github.com/repos//actions/secrets/public-key type=owner
[debug] [2023-10-05T09:12:33.147Z] <<< [apiv2][status] GET https://api.github.com/repos//actions/secrets/public-key 404
[debug] [2023-10-05T09:12:33.148Z] <<< [apiv2][body] GET https://api.github.com/repos//actions/secrets/public-key {"message":"Not Found","documentation_url":"https://docs.github.com/rest"}
[info] 
[info] 
[error] !  The provided authorization cannot be used with this repository. If this repository is in an organization, did you remember to grant access? 
[info] 
[info] i  Action required: Visit this URL to ensure access has been granted to the appropriate organization(s) for the Firebase CLI GitHub OAuth App: 
[info] https://github.com/settings/connections/applications/89cf50f02ac6aaed3484
[info] 
[debug] [2023-10-05T09:12:33.159Z] <<< [apiv2][status] GET https://api.github.com/repos/nnnnn/actions/secrets/public-key 404
[debug] [2023-10-05T09:12:33.160Z] <<< [apiv2][body] GET https://api.github.com/repos/nnnnn/actions/secrets/public-key {"message":"Not Found","documentation_url":"https://docs.github.com/rest"}
[info] 
[info] 
[error] !  The provided authorization cannot be used with this repository. If this repository is in an organization, did you remember to grant access? 
[info] 
[info] i  Action required: Visit this URL to ensure access has been granted to the appropriate organization(s) for the Firebase CLI GitHub OAuth App: 
[info] https://github.com/settings/connections/applications/89cf50f02ac6aaed3484
[info] 
[debug] [2023-10-05T09:13:14.032Z] >>> [apiv2][query] GET https://api.github.com/repos/cdnnn/actions/secrets/public-key type=owner
[debug] [2023-10-05T09:13:14.339Z] <<< [apiv2][status] GET https://api.github.com/repos/cdnnn/actions/secrets/public-key 404
[debug] [2023-10-05T09:13:14.339Z] <<< [apiv2][body] GET https://api.github.com/repos/cdnnn/actions/secrets/public-key {"message":"Not Found","documentation_url":"https://docs.github.com/rest"}
[info] 
[info] 
[error] !  The provided authorization cannot be used with this repository. If this repository is in an organization, did you remember to grant access? 
[info] 
[info] i  Action required: Visit this URL to ensure access has been granted to the appropriate organization(s) for the Firebase CLI GitHub OAuth App: 
[info] https://github.com/settings/connections/applications/89cf50f02ac6aaed3484
[info] 
[debug] [2023-10-05T09:14:16.590Z] >>> [apiv2][query] GET https://api.github.com/repos/cdnnn cli/actions/secrets/public-key type=owner
[debug] [2023-10-05T09:14:16.917Z] <<< [apiv2][status] GET https://api.github.com/repos/cdnnn cli/actions/secrets/public-key 404
[debug] [2023-10-05T09:14:16.918Z] <<< [apiv2][body] GET https://api.github.com/repos/cdnnn cli/actions/secrets/public-key {"message":"Not Found","documentation_url":"https://docs.github.com/rest"}
[info] 
[info] 
[error] !  The provided authorization cannot be used with this repository. If this repository is in an organization, did you remember to grant access? 
[info] 
[info] i  Action required: Visit this URL to ensure access has been granted to the appropriate organization(s) for the Firebase CLI GitHub OAuth App: 
[info] https://github.com/settings/connections/applications/89cf50f02ac6aaed3484
[info] 
[debug] [2023-10-05T09:14:18.148Z] >>> [apiv2][query] GET https://api.github.com/repos/cdnnn cli/actions/secrets/public-key type=owner
[debug] [2023-10-05T09:14:18.409Z] <<< [apiv2][status] GET https://api.github.com/repos/cdnnn cli/actions/secrets/public-key 404
[debug] [2023-10-05T09:14:18.410Z] <<< [apiv2][body] GET https://api.github.com/repos/cdnnn cli/actions/secrets/public-key {"message":"Not Found","documentation_url":"https://docs.github.com/rest"}
[info] 
[info] 
[error] !  The provided authorization cannot be used with this repository. If this repository is in an organization, did you remember to grant access? 
[info] 
[info] i  Action required: Visit this URL to ensure access has been granted to the appropriate organization(s) for the Firebase CLI GitHub OAuth App: 
[info] https://github.com/settings/connections/applications/89cf50f02ac6aaed3484
[info] 
[debug] [2023-10-05T09:15:43.898Z] >>> [apiv2][query] GET https://api.github.com/repos/cdnnn /actions/secrets/public-key type=owner
[debug] [2023-10-05T09:15:44.194Z] <<< [apiv2][status] GET https://api.github.com/repos/cdnnn /actions/secrets/public-key 404
[debug] [2023-10-05T09:15:44.194Z] <<< [apiv2][body] GET https://api.github.com/repos/cdnnn /actions/secrets/public-key {"message":"Not Found","documentation_url":"https://docs.github.com/rest"}
[info] 
[info] 
[error] !  The provided authorization cannot be used with this repository. If this repository is in an organization, did you remember to grant access? 
[info] 
[info] i  Action required: Visit this URL to ensure access has been granted to the appropriate organization(s) for the Firebase CLI GitHub OAuth App: 
[info] https://github.com/settings/connections/applications/89cf50f02ac6aaed3484
[info] 
[debug] [2023-10-05T09:23:08.706Z] >>> [apiv2][query] GET https://api.github.com/repos/cdnnn cli/actions/secrets/public-key type=owner
[debug] [2023-10-05T09:23:08.996Z] <<< [apiv2][status] GET https://api.github.com/repos/cdnnn cli/actions/secrets/public-key 404
[debug] [2023-10-05T09:23:08.996Z] <<< [apiv2][body] GET https://api.github.com/repos/cdnnn cli/actions/secrets/public-key {"message":"Not Found","documentation_url":"https://docs.github.com/rest"}
[info] 
[info] 
[error] !  The provided authorization cannot be used with this repository. If this repository is in an organization, did you remember to grant access? 
[info] 
[info] i  Action required: Visit this URL to ensure access has been granted to the appropriate organization(s) for the Firebase CLI GitHub OAuth App: 
[info] https://github.com/settings/connections/applications/89cf50f02ac6aaed3484
[info] 
[debug] [2023-10-05T09:26:52.391Z] >>> [apiv2][query] GET https://api.github.com/repos//actions/secrets/public-key type=owner
[debug] [2023-10-05T09:26:52.682Z] <<< [apiv2][status] GET https://api.github.com/repos//actions/secrets/public-key 404
[debug] [2023-10-05T09:26:52.682Z] <<< [apiv2][body] GET https://api.github.com/repos//actions/secrets/public-key {"message":"Not Found","documentation_url":"https://docs.github.com/rest"}
[info] 
[info] 
[error] !  The provided authorization cannot be used with this repository. If this repository is in an organization, did you remember to grant access? 
[info] 
[info] i  Action required: Visit this URL to ensure access has been granted to the appropriate organization(s) for the Firebase CLI GitHub OAuth App: 
[info] https://github.com/settings/connections/applications/89cf50f02ac6aaed3484
[info] 
[debug] [2023-10-05T09:27:10.732Z] >>> [apiv2][query] GET https://api.github.com/repos/web/actions/secrets/public-key type=owner
[debug] [2023-10-05T09:27:11.011Z] <<< [apiv2][status] GET https://api.github.com/repos/web/actions/secrets/public-key 404
[debug] [2023-10-05T09:27:11.011Z] <<< [apiv2][body] GET https://api.github.com/repos/web/actions/secrets/public-key {"message":"Not Found","documentation_url":"https://docs.github.com/rest"}
[info] 
[info] 
[error] !  The provided authorization cannot be used with this repository. If this repository is in an organization, did you remember to grant access? 
[info] 
[info] i  Action required: Visit this URL to ensure access has been granted to the appropriate organization(s) for the Firebase CLI GitHub OAuth App: 
[info] https://github.com/settings/connections/applications/89cf50f02ac6aaed3484
[info] 
